-------------------------------------------------------------------------------------------------------------------------------------------
      name:  <unnamed>
       log:  C:\Users\oshio\Documents\CAnD3 RRWM 1\Stata Works\Rep Aimy\Rep_Aimy-RRWM-1-LogFile-Goodnews_Oshiogbele.log
  log type:  text
 opened on:  15 Oct 2025, 10:58:08

. 
. import delimited "C:\Users\oshio\Documents\CAnD3 RRWM 1\Stata Works\gss-12M0025-E-2017-c-31_F1.csv"
(1,316 vars, 20,602 obs)

. 
. 
. /*
> b. Create a dummy variable for physical health of the respondent (srh_110)
> 
> ● The categories should be good or poor health
> 
> ● Recode the missing values (7,8,9) as “.”
> 
> ● For simpler interpretation, label the categories as "Good health" and "Poor health"
> */
. tab srh_110

    SRH_110 |      Freq.     Percent        Cum.
------------+-----------------------------------
          1 |      4,376       21.24       21.24
          2 |      7,014       34.05       55.29
          3 |      6,162       29.91       85.20
          4 |      2,078       10.09       95.28
          5 |        816        3.96       99.24
          7 |         57        0.28       99.52
          8 |         42        0.20       99.72
          9 |         57        0.28      100.00
------------+-----------------------------------
      Total |     20,602      100.00

. tab srh_110, mis

    SRH_110 |      Freq.     Percent        Cum.
------------+-----------------------------------
          1 |      4,376       21.24       21.24
          2 |      7,014       34.05       55.29
          3 |      6,162       29.91       85.20
          4 |      2,078       10.09       95.28
          5 |        816        3.96       99.24
          7 |         57        0.28       99.52
          8 |         42        0.20       99.72
          9 |         57        0.28      100.00
------------+-----------------------------------
      Total |     20,602      100.00

. describe srh_110

              storage   display    value
variable name   type    format     label      variable label
-------------------------------------------------------------------------------------------------------------------------------------------
srh_110         byte    %8.0g                 SRH_110

. 
. ****************************
. *==========>>>>>> COMMENT 1: it wasn't clear the subcategories to group into "good health" and "poor health". I wish the values were prov
> ided. E.g., recode 1 to 3 as "good health"?
. ****************************
. 
. // 1. Recode the variable and generate a new one
. recode srh_110 (1/3 = 1) (4/6 = 0) (7/9 = .), gen(srh_110b)
(16226 differences between srh_110 and srh_110b)

. 
. // 2. Define the new value labels
. label define srh_110b_labels 1 "Good health" 0 "Poor health"

. 
. // 3. Apply the value labels to the new variable
. label values srh_110b srh_110b_labels

. 
. // 4. Label the new variable itself
. label variable srh_110b "Self-rated health cleaned"

.  // tabulate the new variable
.  tab srh_110b, mis

 Self-rated |
     health |
    cleaned |      Freq.     Percent        Cum.
------------+-----------------------------------
Poor health |      2,894       14.05       14.05
Good health |     17,552       85.20       99.24
          . |        156        0.76      100.00
------------+-----------------------------------
      Total |     20,602      100.00

. 
. * c. Create a categorical variable for age (agec)
. 
. //● Drop respondents aged below 20 and those older than 65. The sample should include respondents aged 20 to 65.
. tab agec

       AGEC |      Freq.     Percent        Cum.
------------+-----------------------------------
         15 |        121        0.59        0.59
         16 |        156        0.76        1.34
         17 |        150        0.73        2.07
         18 |        129        0.63        2.70
         19 |        144        0.70        3.40
         20 |        136        0.66        4.06
         21 |        146        0.71        4.77
         22 |        190        0.92        5.69
         23 |        168        0.82        6.50
         24 |        196        0.95        7.46
         25 |        208        1.01        8.47
         26 |        227        1.10        9.57
         27 |        245        1.19       10.76
         28 |        240        1.16       11.92
         29 |        284        1.38       13.30
         30 |        354        1.72       15.02
         31 |        306        1.49       16.50
         32 |        329        1.60       18.10
         33 |        295        1.43       19.53
         34 |        322        1.56       21.10
         35 |        337        1.64       22.73
         36 |        348        1.69       24.42
         37 |        333        1.62       26.04
         38 |        321        1.56       27.59
         39 |        319        1.55       29.14
         40 |        324        1.57       30.72
         41 |        302        1.47       32.18
         42 |        306        1.49       33.67
         43 |        304        1.48       35.14
         44 |        301        1.46       36.60
         45 |        278        1.35       37.95
         46 |        301        1.46       39.41
         47 |        255        1.24       40.65
         48 |        293        1.42       42.07
         49 |        259        1.26       43.33
         50 |        293        1.42       44.75
         51 |        284        1.38       46.13
         52 |        363        1.76       47.89
         53 |        362        1.76       49.65
         54 |        379        1.84       51.49
         55 |        412        2.00       53.49
         56 |        397        1.93       55.42
         57 |        408        1.98       57.40
         58 |        427        2.07       59.47
         59 |        407        1.98       61.45
         60 |        434        2.11       63.55
         61 |        401        1.95       65.50
         62 |        400        1.94       67.44
         63 |        424        2.06       69.50
         64 |        400        1.94       71.44
         65 |        438        2.13       73.57
         66 |        409        1.99       75.55
         67 |        376        1.83       77.38
         68 |        416        2.02       79.40
         69 |        411        1.99       81.39
         70 |        387        1.88       83.27
         71 |        344        1.67       84.94
         72 |        288        1.40       86.34
         73 |        279        1.35       87.69
         74 |        264        1.28       88.97
         75 |        251        1.22       90.19
         76 |        248        1.20       91.39
         77 |        202        0.98       92.37
         78 |        198        0.96       93.34
         79 |        192        0.93       94.27
         80 |      1,181        5.73      100.00
------------+-----------------------------------
      Total |     20,602      100.00

. drop if agec <20
(700 observations deleted)

. drop if agec >65
(5,446 observations deleted)

. 
. //● Recode missing values as “.” Note: According to the codebook, there should be no missing values.
. tab agec, mis

       AGEC |      Freq.     Percent        Cum.
------------+-----------------------------------
         20 |        136        0.94        0.94
         21 |        146        1.01        1.95
         22 |        190        1.31        3.27
         23 |        168        1.16        4.43
         24 |        196        1.36        5.78
         25 |        208        1.44        7.22
         26 |        227        1.57        8.79
         27 |        245        1.69       10.49
         28 |        240        1.66       12.15
         29 |        284        1.96       14.11
         30 |        354        2.45       16.56
         31 |        306        2.12       18.68
         32 |        329        2.28       20.95
         33 |        295        2.04       22.99
         34 |        322        2.23       25.22
         35 |        337        2.33       27.55
         36 |        348        2.41       29.96
         37 |        333        2.30       32.26
         38 |        321        2.22       34.48
         39 |        319        2.21       36.69
         40 |        324        2.24       38.93
         41 |        302        2.09       41.02
         42 |        306        2.12       43.14
         43 |        304        2.10       45.24
         44 |        301        2.08       47.32
         45 |        278        1.92       49.25
         46 |        301        2.08       51.33
         47 |        255        1.76       53.09
         48 |        293        2.03       55.12
         49 |        259        1.79       56.91
         50 |        293        2.03       58.94
         51 |        284        1.96       60.90
         52 |        363        2.51       63.41
         53 |        362        2.50       65.92
         54 |        379        2.62       68.54
         55 |        412        2.85       71.39
         56 |        397        2.75       74.14
         57 |        408        2.82       76.96
         58 |        427        2.95       79.91
         59 |        407        2.82       82.73
         60 |        434        3.00       85.73
         61 |        401        2.77       88.50
         62 |        400        2.77       91.27
         63 |        424        2.93       94.20
         64 |        400        2.77       96.97
         65 |        438        3.03      100.00
------------+-----------------------------------
      Total |     14,456      100.00

. 
. /*● Create a new variable named 'age group' and create & label the following categories:
>   ○ 20-29, 30-39, 40-49, 50-59, 60+ */
. recode agec (20/29 = 1 "20-29") (30/39 = 2 "30-39") (40/49 = 3 "40-49") (50/59 = 4 "50-59") (60/65 = 5 "60+"), gen (age_group)
(14456 differences between agec and age_group)

. label variable age_group "Age group"

. tab age_group, mis

  Age group |      Freq.     Percent        Cum.
------------+-----------------------------------
      20-29 |      2,040       14.11       14.11
      30-39 |      3,264       22.58       36.69
      40-49 |      2,923       20.22       56.91
      50-59 |      3,732       25.82       82.73
        60+ |      2,497       17.27      100.00
------------+-----------------------------------
      Total |     14,456      100.00

.   
.   
. // d. Create a dummy variable for marital status (marstat).
. * ● Recode the missing values (97, 98) as “.”
. tab marstat, mis

    MARSTAT |      Freq.     Percent        Cum.
------------+-----------------------------------
          1 |      6,971       48.22       48.22
          2 |      1,883       13.03       61.25
          3 |        351        2.43       63.68
          4 |        498        3.44       67.12
          5 |      1,099        7.60       74.72
          6 |      3,650       25.25       99.97
         97 |          1        0.01       99.98
         98 |          3        0.02      100.00
------------+-----------------------------------
      Total |     14,456      100.00

. /*● Create a new binary variable for marital status and create the following categories
>   ○ Single
>   ○ Married / Living Common Law
>   ○ For simpler interpretation, label the categories */
. 
. ****************************
. *==========>>>>>> COMMENT 2: Did not say what to do with the other subcategories: 3 "Widowed", 4 "Separated", and 5 "Divorced". Drop them
> ? Combine them? Therefore, I assumed that they were to be dropped, so I did that first.
. ****************************  
. drop if marstat == 3 | marstat == 4 | marstat == 5
(1,948 observations deleted)

. tab marstat

    MARSTAT |      Freq.     Percent        Cum.
------------+-----------------------------------
          1 |      6,971       55.73       55.73
          2 |      1,883       15.05       70.79
          6 |      3,650       29.18       99.97
         97 |          1        0.01       99.98
         98 |          3        0.02      100.00
------------+-----------------------------------
      Total |     12,508      100.00

.   
. recode marstat (1 2 = 1 "Married/Living Common-law") (6 = 0 "Single") (97/98 = .), gen ("marstat2")
(5537 differences between marstat and marstat2)

. label variable marstat2 "Marital status recoded"

. tab marstat2

   Marital status recoded |      Freq.     Percent        Cum.
--------------------------+-----------------------------------
                   Single |      3,650       29.19       29.19
Married/Living Common-law |      8,854       70.81      100.00
--------------------------+-----------------------------------
                    Total |     12,504      100.00

. tab marstat2, mis

   Marital status recoded |      Freq.     Percent        Cum.
--------------------------+-----------------------------------
                   Single |      3,650       29.18       29.18
Married/Living Common-law |      8,854       70.79       99.97
                        . |          4        0.03      100.00
--------------------------+-----------------------------------
                    Total |     12,508      100.00

. 
. 
. // e. Create categorical variables for main activity of the spouse (map_110)
. 
. /*● Recode missing values (96,97,98,99) as “.”
> ● Create the following categories
>   ○ Working, Unemployed / Job Seeking, Studying, Homemaking/Caregiving, Not in the labour force, Other
>   ○ For simpler interpretation, label the categories */
. 
. ****************************
. *==========>>>>>> COMMENT 3: Did not say which original subcategories will be used to create each of the new ones.
. ****************************
. /* I used the following regrouping: 
>         Working = 1 Working at a paid job or self-employed + 
>         Unemployed/job seeking = 2 Looking for paid work + 
>         Studying = 3 Going to school
>         Homemaking/caregiving = 4 Caring for children + 5 Household work + 7 Maternity, paternity or parental leave + 9 Volunteering or c
> aregiving other than for
> children + 
>         Not in the labour force = 6 Retired + 
>         Other = 8 Long term illness + 10 Other - Specify
> */
. tab map_110, mis

    MAP_110 |      Freq.     Percent        Cum.
------------+-----------------------------------
          1 |      7,082       56.62       56.62
          2 |        131        1.05       57.67
          3 |        290        2.32       59.99
          4 |        392        3.13       63.12
          5 |        210        1.68       64.80
          6 |      1,015        8.11       72.91
          7 |        121        0.97       73.88
          8 |        208        1.66       75.54
          9 |         23        0.18       75.73
         10 |         42        0.34       76.06
         96 |      2,772       22.16       98.23
         97 |        120        0.96       99.18
         98 |         53        0.42       99.61
         99 |         49        0.39      100.00
------------+-----------------------------------
      Total |     12,508      100.00

. recode map_110 (1 = 1 "Working") (2 = 2 "Unemployed/job seeking") (3 = 3 "Studying") (4 5 7 9 = 4 "Homemaking/caregiving") (6 = 5 "Not in
>  the labour force") (8 10 = 6 "Other") (96/99 = .), gen ("map_110b")
(4613 differences between map_110 and map_110b)

. label variable map_110b "Spouse main activity recoded"

. tab map_110b, mis

   Spouse main activity |
                recoded |      Freq.     Percent        Cum.
------------------------+-----------------------------------
                Working |      7,082       56.62       56.62
 Unemployed/job seeking |        131        1.05       57.67
               Studying |        290        2.32       59.99
  Homemaking/caregiving |        746        5.96       65.95
Not in the labour force |      1,015        8.11       74.06
                  Other |        250        2.00       76.06
                      . |      2,994       23.94      100.00
------------------------+-----------------------------------
                  Total |     12,508      100.00

. 
.   
. /*
> f. Create a dummy variable for spouse's work status (map_130)
> ● Recode missing values (6,7,8,9) as “.”
> ● Create the following categories:
>   ○ Paid job or self-employed in last 12 mos
>   ○ Not employed in the last 12 mos
>   ○ For simpler interpretation, label the categories
> */
. 
. tab map_130, mis

    MAP_130 |      Freq.     Percent        Cum.
------------+-----------------------------------
          1 |        716        5.72        5.72
          2 |      1,675       13.39       19.12
          6 |     10,107       80.80       99.92
          7 |          8        0.06       99.98
          9 |          2        0.02      100.00
------------+-----------------------------------
      Total |     12,508      100.00

. 
. ****************************
. *==========>>>>>> COMMENT 4: This variable is already dichotomous (Yes/No), so I am not sure why we need to generate new subcategories in
> stead of dropping the unusable responses. Also, there is no "8" in the values at this point of the analysis.
. ****************************
. /* I used the following regrouping: 
>         Paid job or self-employed in last 12 mos =  1 Yes
>         Not employed in the last 12 mos = 2 No
> */
. recode map_130 (1 = 1 "Paid job or self-employed in the last 12 mos") (2 = 0 "Not employed in the last 12 mos") (6/9 = .), gen ("map_130b
> ")
(11792 differences between map_130 and map_130b)

. label variable map_130b "Spouse work status recoded"

. tab map_130b, mis

             Spouse work status recoded |      Freq.     Percent        Cum.
----------------------------------------+-----------------------------------
        Not employed in the last 12 mos |      1,675       13.39       13.39
Paid job or self-employed in the last 1 |        716        5.72       19.12
                                      . |     10,117       80.88      100.00
----------------------------------------+-----------------------------------
                                  Total |     12,508      100.00

. 
. 
. 
. /* g. Create a categorical variable for spouse’s work schedule (map_155)
> ● Recode missing (96,97,98,99) as “.”
> ● Create new categories and label them as follows:
>   ○ Day shift/Standard, Evening/Night shift, Rotating/Irregular shift, Split shift or other
> */
. tab map_155, mis

    MAP_155 |      Freq.     Percent        Cum.
------------+-----------------------------------
          1 |      5,739       45.88       45.88
          2 |        171        1.37       47.25
          3 |        104        0.83       48.08
          4 |        678        5.42       53.50
          5 |         54        0.43       53.93
          6 |        112        0.90       54.83
          7 |        866        6.92       61.75
          8 |         65        0.52       62.27
         96 |      4,697       37.55       99.82
         97 |         10        0.08       99.90
         98 |          8        0.06       99.97
         99 |          4        0.03      100.00
------------+-----------------------------------
      Total |     12,508      100.00

. ****************************
. *==========>>>>>> COMMENT 5: Did not say which original subcategories will be used to create each of the new ones.
. ****************************
. /* I used the following regrouping: 
>         Day shift/standard = 1 A regular daytime schedule or shift + 
>         Evening/night shift = 2 A regular evening shift + 3 A regular night shift
>         Rotating/irregular shift = 4 A rotating shift (one that changes periodically from day... + 7 An irregular schedule
>         Split shift or other = 5 A split shift (one consisting of two or more distinct pe... + 6 On call + 8 Other - Specify
> */   
. recode map_155 (1 = 1 "Day shift/standard") ///
>                                 (2 3 = 2 "Evening/night shift") ///
>                                 (4 7 = 3 "Rotating/irregular shift") ///
>                                 (5 6 8 = 4 "Split shift or other") ///
>                                 (96/99 = .), gen ("map_155b")
(6598 differences between map_155 and map_155b)

. label variable map_155b "Spouse work schedule recoded"                  

. tab map_155b, mis

    Spouse work schedule |
                 recoded |      Freq.     Percent        Cum.
-------------------------+-----------------------------------
      Day shift/standard |      5,739       45.88       45.88
     Evening/night shift |        275        2.20       48.08
Rotating/irregular shift |      1,544       12.34       60.43
    Split shift or other |        231        1.85       62.27
                       . |      4,719       37.73      100.00
-------------------------+-----------------------------------
                   Total |     12,508      100.00

. 
. 
. 
. /*
> h. Create a dummy variable for respondent’s work status (worklyr)
> ● Recode missing values as “.” Note that, according to the codebook, there should be no missing values.
> ● Create and label the following categories
>   ○ Worked last yr
>   ○ Did not work last yr
> */
. tab worklyr, mis

    WORKLYR |      Freq.     Percent        Cum.
------------+-----------------------------------
          1 |     10,589       84.66       84.66
          2 |      1,919       15.34      100.00
------------+-----------------------------------
      Total |     12,508      100.00

. recode worklyr (1 = 1 "Worked last year") (2 = 0 "Did not work last year"), gen ("worklyr2")
(1919 differences between worklyr and worklyr2)

. label variable worklyr2 "Work status recoded"

. tab worklyr2

   Work status recoded |      Freq.     Percent        Cum.
-----------------------+-----------------------------------
Did not work last year |      1,919       15.34       15.34
      Worked last year |     10,589       84.66      100.00
-----------------------+-----------------------------------
                 Total |     12,508      100.00

. tab worklyr2, nol

Work status |
    recoded |      Freq.     Percent        Cum.
------------+-----------------------------------
          0 |      1,919       15.34       15.34
          1 |     10,589       84.66      100.00
------------+-----------------------------------
      Total |     12,508      100.00

. 
. 
. /*  
> i. Create a dummy variable for sex (sex)
> ● Recode missing values as “.” Note that, according to the codebook, there should be no missing values.
> ● Create/label the following categories
>   ○ Female
>   ○ Male
> */
. 
. tab sex, mis

        SEX |      Freq.     Percent        Cum.
------------+-----------------------------------
          1 |      6,041       48.30       48.30
          2 |      6,467       51.70      100.00
------------+-----------------------------------
      Total |     12,508      100.00

. recode sex (1 = 1 "Male") (2 = 0 "Female"), gen ("sex2")
(6467 differences between sex and sex2)

. label variable sex2 "Sex recoded"

. tab sex2

Sex recoded |      Freq.     Percent        Cum.
------------+-----------------------------------
     Female |      6,467       51.70       51.70
       Male |      6,041       48.30      100.00
------------+-----------------------------------
      Total |     12,508      100.00

. tab sex2, nol

Sex recoded |      Freq.     Percent        Cum.
------------+-----------------------------------
          0 |      6,467       51.70       51.70
          1 |      6,041       48.30      100.00
------------+-----------------------------------
      Total |     12,508      100.00

. 
. 
. /*
> j. Create a categorical variable for the respondent’s level of education (ehg3_01b)
> ● Recode the missing values (97,98,99) as “.”
> ● Create and label the following categories
>   ○ Less than a high school degree
>   ○ High school degree or equivalent
>   ○ College or trade certificate
>   ○ University degree or equivalent certificate
> */
. 
. tab ehg3_01b, mis

   EHG3_01B |      Freq.     Percent        Cum.
------------+-----------------------------------
          1 |        911        7.28        7.28
          2 |      2,805       22.43       29.71
          3 |        979        7.83       37.54
          4 |      3,106       24.83       62.37
          5 |        431        3.45       65.81
          6 |      2,782       22.24       88.06
          7 |      1,289       10.31       98.36
         97 |         30        0.24       98.60
         98 |         35        0.28       98.88
         99 |        140        1.12      100.00
------------+-----------------------------------
      Total |     12,508      100.00

. ****************************
. *==========>>>>>> COMMENT 6: Did not say which original subcategories will be used to create each of the new ones.
. ****************************
. /* I used the following regrouping: 
>   ○ Less than a high school degree = 1 Less than high school diploma or its equivalent +  
>   ○ High school degree or equivalent = 2 High school diploma or a high school equivalency certificate + 3 Trade certificate or diploma
>   ○ College or trade certificate = 4 College, CEGEP or other non-university certificate or di... + 
>   ○ University degree or equivalent certificate = 5 University certificate or diploma below the bachelor's level + 6 Bachelor's degree (e
> .g. B.A., B.Sc., LL.B.) + 7 University certificate, diploma or degree above the bach...
> */  
. recode ehg3_01b (1 = 1 "Less than a high school degree") ///
>                                 (2 3 = 2 "High school degree or equivalent") ///
>                                 (4 = 3 "College or trade certificate") ///
>                                 (5 6 7 = 4 "University degree or equivalent certificate") ///
>                                 (96/99 = .), gen ("educ2")
(8792 differences between ehg3_01b and educ2)

. label variable educ2 "Education recoded"

. tab educ2, mis

                      Education recoded |      Freq.     Percent        Cum.
----------------------------------------+-----------------------------------
         Less than a high school degree |        911        7.28        7.28
       High school degree or equivalent |      3,784       30.25       37.54
           College or trade certificate |      3,106       24.83       62.37
University degree or equivalent certifi |      4,502       35.99       98.36
                                      . |        205        1.64      100.00
----------------------------------------+-----------------------------------
                                  Total |     12,508      100.00

. tab educ2, nol

  Education |
    recoded |      Freq.     Percent        Cum.
------------+-----------------------------------
          1 |        911        7.40        7.40
          2 |      3,784       30.76       38.16
          3 |      3,106       25.25       63.41
          4 |      4,502       36.59      100.00
------------+-----------------------------------
      Total |     12,303      100.00

. 
. 
. /* 
> k. Create a categorical variable for family income (famincg2)
> ● Recode the missing values as “.” Note that, according to the codebook, there should be no missing values.
> ● Create and label the following categories
>   ○ Less than $25k
>   ○ $25k-$49,999k
>   ○ $50k-74,999k
>   ○ $75k-99,999k
>   ○ $100k +
> */
.  tab famincg2, mis

   FAMINCG2 |      Freq.     Percent        Cum.
------------+-----------------------------------
          1 |      1,116        8.92        8.92
          2 |      1,901       15.20       24.12
          3 |      2,060       16.47       40.59
          4 |      1,997       15.97       56.56
          5 |      1,643       13.14       69.69
          6 |      3,791       30.31      100.00
------------+-----------------------------------
      Total |     12,508      100.00

.  recode famincg2 (1 = 1 "Less than $25k") ///
>                                 (2 = 2 "$25k-$49,999k") ///
>                                 (3 = 3 "$50k-$74,999k") ///
>                                 (4 = 4 "$75k-$99,999k") ///
>                                 (5 6 = 5 "$100k +"), gen ("famincg2b")
(3791 differences between famincg2 and famincg2b)

. label variable famincg2b "Family pretax income recoded"

. tab famincg2b

 Family pretax |
income recoded |      Freq.     Percent        Cum.
---------------+-----------------------------------
Less than $25k |      1,116        8.92        8.92
 $25k-$49,999k |      1,901       15.20       24.12
 $50k-$74,999k |      2,060       16.47       40.59
 $75k-$99,999k |      1,997       15.97       56.56
       $100k + |      5,434       43.44      100.00
---------------+-----------------------------------
         Total |     12,508      100.00

. tab famincg2b, nol 

     Family |
     pretax |
     income |
    recoded |      Freq.     Percent        Cum.
------------+-----------------------------------
          1 |      1,116        8.92        8.92
          2 |      1,901       15.20       24.12
          3 |      2,060       16.47       40.59
          4 |      1,997       15.97       56.56
          5 |      5,434       43.44      100.00
------------+-----------------------------------
      Total |     12,508      100.00

. 
.   
. /*
>   l. Create a categorical variable for average hours worked per week (uhw_16gr)
> ● Recode missing values (7,8,9) as “.”
> ● Note: valid skips (6) here are our unemployed category - worklyr shows us that those who said they did not work in the past year are un
> employed (7087) - this same number is present in our uhw_16gr variable, where Valid skips are 7087 respondents, which are our unemployed 
> category. Labelling them as unemployed rather than missing
> ● Create and label the following categories
>   ○ 0 hrs
>   ○ Less than 30 hrs
>   ○ 30-40 hrs
>   ○ 40.1-50 hrs
>   ○ "50.1+ hrs
>   ○ Unemployed
> */
.  tab uhw_16gr

   UHW_16GR |      Freq.     Percent        Cum.
------------+-----------------------------------
          1 |         17        0.14        0.14
          2 |      1,400       11.19       11.33
          3 |      6,791       54.29       65.62
          4 |      1,275       10.19       75.82
          5 |        819        6.55       82.36
          6 |      1,919       15.34       97.71
          7 |        232        1.85       99.56
          8 |         38        0.30       99.86
          9 |         17        0.14      100.00
------------+-----------------------------------
      Total |     12,508      100.00

.  recode uhw_16gr (1 = 1 "0 hour") ///
>                                 (2 = 2 "Less than 30 hours") ///
>                                 (3 = 3 "30-40 hours") ///
>                                 (4 = 4 "40.1-50 hours") ///
>                                 (5 = 5 "50.1+ hours") ///
>                                 (6 = 6 "Unemployed") ///
>                                 (7/9 = .), gen ("uhw_16gr2")
(287 differences between uhw_16gr and uhw_16gr2)

. label variable uhw_16gr2 "Average hours worked per week recoded"

. tab uhw_16gr2, mis

     Average hours |
   worked per week |
           recoded |      Freq.     Percent        Cum.
-------------------+-----------------------------------
            0 hour |         17        0.14        0.14
Less than 30 hours |      1,400       11.19       11.33
       30-40 hours |      6,791       54.29       65.62
     40.1-50 hours |      1,275       10.19       75.82
       50.1+ hours |        819        6.55       82.36
        Unemployed |      1,919       15.34       97.71
                 . |        287        2.29      100.00
-------------------+-----------------------------------
             Total |     12,508      100.00

. tab uhw_16gr2, mis nol 

    Average |
      hours |
 worked per |
       week |
    recoded |      Freq.     Percent        Cum.
------------+-----------------------------------
          1 |         17        0.14        0.14
          2 |      1,400       11.19       11.33
          3 |      6,791       54.29       65.62
          4 |      1,275       10.19       75.82
          5 |        819        6.55       82.36
          6 |      1,919       15.34       97.71
          . |        287        2.29      100.00
------------+-----------------------------------
      Total |     12,508      100.00

. 
. 
. 
. **================
. /*NOW: the recoded variables are:
>                 srh_110b = "Self-rated health cleaned"
>                 age_group = "Age group"
>                 marstat2 = "Marital status recoded"
>                 map_110b = "Spouse main activity recoded"
>                 map_130b = "Spouse work status recoded"
>                 map_155b = "Spouse work schedule recoded"
>                 worklyr2 = "Work status recoded"
>                 sex2 = "Sex recoded"
>                 educ2 = "Education recoded"
>                 famincg2b = "Family pretax income recoded"
>                 uhw_16gr2 = "Average hours worked per week recoded"
> */
. *============================================
. ** RESULTS
. *============
. // 2. Create the following tables:
. * a. Summary Descriptives Table: Using the summarize function, summarize all variables that were cleaned up in stage 1
. sum srh_110b age_group marstat2 map_110b map_130b map_155b worklyr2     sex2 educ2 famincg2b uhw_16gr2

    Variable |        Obs        Mean    Std. Dev.       Min        Max
-------------+---------------------------------------------------------
    srh_110b |     12,412     .897438    .3033982          0          1
   age_group |     12,508    2.972098    1.315968          1          5
    marstat2 |     12,504    .7080934    .4546577          0          1
    map_110b |      9,514    1.868089    1.565872          1          6
    map_130b |      2,391    .2994563    .4581157          0          1
-------------+---------------------------------------------------------
    map_155b |      7,789    1.520734    .9077861          1          4
    worklyr2 |     12,508    .8465782     .360408          0          1
        sex2 |     12,508    .4829709    .4997299          0          1
       educ2 |     12,303    2.910266    .9806672          1          4
   famincg2b |     12,508    3.698113    1.385313          1          5
-------------+---------------------------------------------------------
   uhw_16gr2 |     12,221    3.592096    1.247111          1          6

. tab1 srh_110b age_group marstat2 map_110b map_130b map_155b worklyr2 sex2 educ2 famincg2b uhw_16gr2

-> tabulation of srh_110b  

 Self-rated |
     health |
    cleaned |      Freq.     Percent        Cum.
------------+-----------------------------------
Poor health |      1,273       10.26       10.26
Good health |     11,139       89.74      100.00
------------+-----------------------------------
      Total |     12,412      100.00

-> tabulation of age_group  

  Age group |      Freq.     Percent        Cum.
------------+-----------------------------------
      20-29 |      2,012       16.09       16.09
      30-39 |      3,082       24.64       40.73
      40-49 |      2,548       20.37       61.10
      50-59 |      2,975       23.78       84.88
        60+ |      1,891       15.12      100.00
------------+-----------------------------------
      Total |     12,508      100.00

-> tabulation of marstat2  

   Marital status recoded |      Freq.     Percent        Cum.
--------------------------+-----------------------------------
                   Single |      3,650       29.19       29.19
Married/Living Common-law |      8,854       70.81      100.00
--------------------------+-----------------------------------
                    Total |     12,504      100.00

-> tabulation of map_110b  

   Spouse main activity |
                recoded |      Freq.     Percent        Cum.
------------------------+-----------------------------------
                Working |      7,082       74.44       74.44
 Unemployed/job seeking |        131        1.38       75.81
               Studying |        290        3.05       78.86
  Homemaking/caregiving |        746        7.84       86.70
Not in the labour force |      1,015       10.67       97.37
                  Other |        250        2.63      100.00
------------------------+-----------------------------------
                  Total |      9,514      100.00

-> tabulation of map_130b  

             Spouse work status recoded |      Freq.     Percent        Cum.
----------------------------------------+-----------------------------------
        Not employed in the last 12 mos |      1,675       70.05       70.05
Paid job or self-employed in the last 1 |        716       29.95      100.00
----------------------------------------+-----------------------------------
                                  Total |      2,391      100.00

-> tabulation of map_155b  

    Spouse work schedule |
                 recoded |      Freq.     Percent        Cum.
-------------------------+-----------------------------------
      Day shift/standard |      5,739       73.68       73.68
     Evening/night shift |        275        3.53       77.21
Rotating/irregular shift |      1,544       19.82       97.03
    Split shift or other |        231        2.97      100.00
-------------------------+-----------------------------------
                   Total |      7,789      100.00

-> tabulation of worklyr2  

   Work status recoded |      Freq.     Percent        Cum.
-----------------------+-----------------------------------
Did not work last year |      1,919       15.34       15.34
      Worked last year |     10,589       84.66      100.00
-----------------------+-----------------------------------
                 Total |     12,508      100.00

-> tabulation of sex2  

Sex recoded |      Freq.     Percent        Cum.
------------+-----------------------------------
     Female |      6,467       51.70       51.70
       Male |      6,041       48.30      100.00
------------+-----------------------------------
      Total |     12,508      100.00

-> tabulation of educ2  

                      Education recoded |      Freq.     Percent        Cum.
----------------------------------------+-----------------------------------
         Less than a high school degree |        911        7.40        7.40
       High school degree or equivalent |      3,784       30.76       38.16
           College or trade certificate |      3,106       25.25       63.41
University degree or equivalent certifi |      4,502       36.59      100.00
----------------------------------------+-----------------------------------
                                  Total |     12,303      100.00

-> tabulation of famincg2b  

 Family pretax |
income recoded |      Freq.     Percent        Cum.
---------------+-----------------------------------
Less than $25k |      1,116        8.92        8.92
 $25k-$49,999k |      1,901       15.20       24.12
 $50k-$74,999k |      2,060       16.47       40.59
 $75k-$99,999k |      1,997       15.97       56.56
       $100k + |      5,434       43.44      100.00
---------------+-----------------------------------
         Total |     12,508      100.00

-> tabulation of uhw_16gr2  

     Average hours |
   worked per week |
           recoded |      Freq.     Percent        Cum.
-------------------+-----------------------------------
            0 hour |         17        0.14        0.14
Less than 30 hours |      1,400       11.46       11.59
       30-40 hours |      6,791       55.57       67.16
     40.1-50 hours |      1,275       10.43       77.60
       50.1+ hours |        819        6.70       84.30
        Unemployed |      1,919       15.70      100.00
-------------------+-----------------------------------
             Total |     12,221      100.00

. sum i.srh_110b i.age_group i.marstat2 i.map_110b i.map_130b i.map_155b i.worklyr2 i.sex2 i.educ2 i.famincg2b i.uhw_16gr2

    Variable |        Obs        Mean    Std. Dev.       Min        Max
-------------+---------------------------------------------------------
    srh_110b |
Good health  |     12,412     .897438    .3033982          0          1
             |
   age_group |
      30-39  |     12,508    .2464023    .4309328          0          1
      40-49  |     12,508    .2037096    .4027716          0          1
-------------+---------------------------------------------------------
      50-59  |     12,508    .2378478    .4257825          0          1
        60+  |     12,508    .1511832    .3582417          0          1
             |
    marstat2 |
Married/L..  |     12,504    .7080934    .4546577          0          1
-------------+---------------------------------------------------------
             |
    map_110b |
Unemploye..  |      9,514    .0137692    .1165376          0          1
   Studying  |      9,514    .0304814    .1719168          0          1
Homemakin~g  |      9,514    .0784108     .268831          0          1
Not in th..  |      9,514    .1066849    .3087284          0          1
      Other  |      9,514    .0262771    .1599665          0          1
             |
    map_130b |
Paid job ..  |      2,391    .2994563    .4581157          0          1
             |
    map_155b |
Evening/n..  |      7,789    .0353062    .1845645          0          1
Rotating/..  |      7,789    .1982283    .3986906          0          1
-------------+---------------------------------------------------------
Split shi..  |      7,789    .0296572    .1696507          0          1
             |
    worklyr2 |
Worked la..  |     12,508    .8465782     .360408          0          1
             |
        sex2 |
       Male  |     12,508    .4829709    .4997299          0          1
             |
       educ2 |
High scho..  |     12,303    .3075673    .4615051          0          1
College o..  |     12,303    .2524587    .4344406          0          1
Universit..  |     12,303     .365927    .4817087          0          1
-------------+---------------------------------------------------------
             |
   famincg2b |
$25k-$~999k  |     12,508    .1519827    .3590185          0          1
$50k-$~999k  |     12,508    .1646946    .3709195          0          1
$75k-$~999k  |     12,508    .1596578    .3663031          0          1
    $100k +  |     12,508     .434442    .4957033          0          1
-------------+---------------------------------------------------------
             |
   uhw_16gr2 |
Less than..  |     12,221    .1145569    .3184995          0          1
30-40 hours  |     12,221    .5556828    .4969101          0          1
40.1-50 h..  |     12,221    .1043286    .3056989          0          1
50.1+ hours  |     12,221    .0670158    .2500596          0          1
 Unemployed  |     12,221    .1570248     .363839          0          1

. 
. * b. Table 1: Cross-tab respondents' self-rated physical health by spouse’s main activity (row percentages)
. tab map_110b srh_110b, row chi2

+----------------+
| Key            |
|----------------|
|   frequency    |
| row percentage |
+----------------+

                      |   Self-rated health
 Spouse main activity |        cleaned
              recoded | Poor heal  Good heal |     Total
----------------------+----------------------+----------
              Working |       546      6,514 |     7,060 
                      |      7.73      92.27 |    100.00 
----------------------+----------------------+----------
Unemployed/job seekin |        18        113 |       131 
                      |     13.74      86.26 |    100.00 
----------------------+----------------------+----------
             Studying |        14        276 |       290 
                      |      4.83      95.17 |    100.00 
----------------------+----------------------+----------
Homemaking/caregiving |        58        687 |       745 
                      |      7.79      92.21 |    100.00 
----------------------+----------------------+----------
Not in the labour for |       144        868 |     1,012 
                      |     14.23      85.77 |    100.00 
----------------------+----------------------+----------
                Other |        57        191 |       248 
                      |     22.98      77.02 |    100.00 
----------------------+----------------------+----------
                Total |       837      8,649 |     9,486 
                      |      8.82      91.18 |    100.00 

          Pearson chi2(5) = 119.6849   Pr = 0.000

. 
. * c. Table 2: Cross–tab respondents'self-rated physical health by spouse’s employment status (row percentages)
. tab map_130b srh_110b, row chi2

+----------------+
| Key            |
|----------------|
|   frequency    |
| row percentage |
+----------------+

                      |   Self-rated health
   Spouse work status |        cleaned
              recoded | Poor heal  Good heal |     Total
----------------------+----------------------+----------
Not employed in the l |       231      1,439 |     1,670 
                      |     13.83      86.17 |    100.00 
----------------------+----------------------+----------
Paid job or self-empl |        54        662 |       716 
                      |      7.54      92.46 |    100.00 
----------------------+----------------------+----------
                Total |       285      2,101 |     2,386 
                      |     11.94      88.06 |    100.00 

          Pearson chi2(1) =  18.8534   Pr = 0.000

. 
. * d. Table 3: Cross–tab respondents'self-rated physical health by spouse’s work schedule (row percentages)
. tab map_155b srh_110b, row chi2

+----------------+
| Key            |
|----------------|
|   frequency    |
| row percentage |
+----------------+

                      |   Self-rated health
 Spouse work schedule |        cleaned
              recoded | Poor heal  Good heal |     Total
----------------------+----------------------+----------
   Day shift/standard |       401      5,325 |     5,726 
                      |      7.00      93.00 |    100.00 
----------------------+----------------------+----------
  Evening/night shift |        34        241 |       275 
                      |     12.36      87.64 |    100.00 
----------------------+----------------------+----------
Rotating/irregular sh |       137      1,405 |     1,542 
                      |      8.88      91.12 |    100.00 
----------------------+----------------------+----------
 Split shift or other |        27        200 |       227 
                      |     11.89      88.11 |    100.00 
----------------------+----------------------+----------
                Total |       599      7,171 |     7,770 
                      |      7.71      92.29 |    100.00 

          Pearson chi2(3) =  20.9677   Pr = 0.000

. 
. 
. ****************************
. *==========>>>>>> COMMENT 7: Did not specify whether to output coefficients or odds ratios, however, I outputted the latter. Also, though
>  negligible, did not find number "3" tasks in the program. It moved from #2 to #4. I think that was a typo (#4 is #3).
. ****************************
. 
. // 4. Create the following regression on the binary of self-reported physical health using logistic regression
. * a. Respondents' self-rated Physical health & spouse’s main activity (make sure to control for all variables that were cleaned up, excep
> t for spouse employment status in the last 12 mos, spouse's work schedule )
. logit srh_110b i.map_110b i.age_group i.marstat2 i.map_110b i.worklyr2 i.sex2 i.educ2 i.famincg2b i.uhw_16gr2, or

note: 6.uhw_16gr2 omitted because of collinearity
Iteration 0:   log likelihood =  -2715.398  
Iteration 1:   log likelihood = -2539.5164  
Iteration 2:   log likelihood = -2460.5662  
Iteration 3:   log likelihood = -2460.0481  
Iteration 4:   log likelihood =  -2460.048  

Logistic regression                             Number of obs     =      9,171
                                                LR chi2(23)       =     510.70
                                                Prob > chi2       =     0.0000
Log likelihood =  -2460.048                     Pseudo R2         =     0.0940

--------------------------------------------------------------------------------------------------------------
                                    srh_110b | Odds Ratio   Std. Err.      z    P>|z|     [95% Conf. Interval]
---------------------------------------------+----------------------------------------------------------------
                                    map_110b |
                     Unemployed/job seeking  |   .7457264   .2275699    -0.96   0.336     .4100362    1.356241
                                   Studying  |   1.277389   .3797015     0.82   0.410     .7133544    2.287396
                      Homemaking/caregiving  |   1.034115   .1664254     0.21   0.835     .7543637    1.417611
                    Not in the labour force  |   1.296772   .1617909     2.08   0.037     1.015463    1.656011
                                      Other  |   .5372535   .0965883    -3.46   0.001     .3777016    .7642047
                                             |
                                   age_group |
                                      30-39  |   1.035403    .188376     0.19   0.848     .7248468    1.479016
                                      40-49  |   .5509432   .0965742    -3.40   0.001     .3907516    .7768067
                                      50-59  |   .4337418   .0735325    -4.93   0.000      .311119    .6046945
                                        60+  |   .4806046   .0881238    -4.00   0.000     .3355145    .6884375
                                             |
                                    marstat2 |
                  Married/Living Common-law  |   .9258461   .1525818    -0.47   0.640     .6702836    1.278848
                                             |
                                    worklyr2 |
                           Worked last year  |   .6635172   .4656347    -0.58   0.559     .1676898    2.625413
                                             |
                                        sex2 |
                                       Male  |   .8973962    .077312    -1.26   0.209       .75797    1.062469
                                             |
                                       educ2 |
           High school degree or equivalent  |   1.654677   .2040099     4.08   0.000     1.299469    2.106979
               College or trade certificate  |   1.791287   .2370419     4.41   0.000     1.382054    2.321694
University degree or equivalent certificate  |   2.309395   .3076452     6.28   0.000     1.778712    2.998408
                                             |
                                   famincg2b |
                              $25k-$49,999k  |   .9809449   .1779275    -0.11   0.916     .6874647    1.399712
                              $50k-$74,999k  |   1.197966    .218322     0.99   0.322     .8381433    1.712264
                              $75k-$99,999k  |   1.303696   .2426619     1.42   0.154     .9051884    1.877646
                                    $100k +  |   1.975176     .35579     3.78   0.000     1.387645     2.81147
                                             |
                                   uhw_16gr2 |
                         Less than 30 hours  |   3.420171   2.422282     1.74   0.083     .8534886    13.70559
                                30-40 hours  |   4.999488   3.510954     2.29   0.022     1.262288    19.80125
                              40.1-50 hours  |   5.495184   3.920827     2.39   0.017     1.357213    22.24931
                                50.1+ hours  |   3.912013   2.795282     1.91   0.056     .9642383    15.87143
                                 Unemployed  |          1  (omitted)
                                             |
                                       _cons |   3.168417    .770093     4.74   0.000     1.967684    5.101869
--------------------------------------------------------------------------------------------------------------
Note: _cons estimates baseline odds.

. 
. * b. Physical health and spouse employment status in the last 12 mos (make sure to control for all variables that were cleaned up, except
>  for the spouse’s main activity, spouse's work schedule)
. logit srh_110b i.map_130b i.age_group i.marstat2 i.worklyr2     i.sex2 i.educ2 i.famincg2b i.uhw_16gr2, or

note: 6.uhw_16gr2 omitted because of collinearity
Iteration 0:   log likelihood =  -830.5212  
Iteration 1:   log likelihood = -749.60763  
Iteration 2:   log likelihood = -732.20724  
Iteration 3:   log likelihood =  -731.7057  
Iteration 4:   log likelihood = -731.70387  
Iteration 5:   log likelihood = -731.70387  

Logistic regression                             Number of obs     =      2,289
                                                LR chi2(19)       =     197.63
                                                Prob > chi2       =     0.0000
Log likelihood = -731.70387                     Pseudo R2         =     0.1190

---------------------------------------------------------------------------------------------------------------
                                     srh_110b | Odds Ratio   Std. Err.      z    P>|z|     [95% Conf. Interval]
----------------------------------------------+----------------------------------------------------------------
                                     map_130b |
Paid job or self-employed in the last 12 mos  |   .9750446   .1762529    -0.14   0.889     .6841605    1.389604
                                              |
                                    age_group |
                                       30-39  |    .808549   .3771609    -0.46   0.649      .324078    2.017266
                                       40-49  |   .3038815   .1347726    -2.69   0.007      .127407    .7247952
                                       50-59  |   .2638032   .1101351    -3.19   0.001     .1163891    .5979264
                                         60+  |   .3356126   .1422332    -2.58   0.010     .1462506    .7701565
                                              |
                                     marstat2 |
                   Married/Living Common-law  |   .6016108   .2152576    -1.42   0.156     .2983692    1.213046
                                              |
                                     worklyr2 |
                            Worked last year  |   .3149537   .3341178    -1.09   0.276     .0393779    2.519077
                                              |
                                         sex2 |
                                        Male  |   .9550608   .1467962    -0.30   0.765     .7066402    1.290814
                                              |
                                        educ2 |
            High school degree or equivalent  |   1.947912   .3839475     3.38   0.001     1.323706     2.86647
                College or trade certificate  |   2.157374   .4775094     3.47   0.001     1.398048    3.329116
 University degree or equivalent certificate  |   2.484229   .5514764     4.10   0.000     1.607803    3.838404
                                              |
                                    famincg2b |
                               $25k-$49,999k  |   1.146704   .2939622     0.53   0.593     .6938126    1.895223
                               $50k-$74,999k  |   1.520423   .4014977     1.59   0.113     .9061245     2.55118
                               $75k-$99,999k  |    1.83006   .5076173     2.18   0.029     1.062579    3.151878
                                     $100k +  |    2.85672    .775676     3.87   0.000     1.677813    4.863979
                                              |
                                    uhw_16gr2 |
                          Less than 30 hours  |   5.310952   5.752697     1.54   0.123     .6355814     44.3786
                                 30-40 hours  |   9.549219   10.23071     2.11   0.035     1.169551    77.96799
                               40.1-50 hours  |   6.825792   7.443239     1.76   0.078     .8052921    57.85656
                                 50.1+ hours  |   5.383244   5.872249     1.54   0.123     .6346304     45.6633
                                  Unemployed  |          1  (omitted)
                                              |
                                        _cons |   5.883065   2.785388     3.74   0.000     2.325921    14.88032
---------------------------------------------------------------------------------------------------------------
Note: _cons estimates baseline odds.

. 
. * c. Physical health and spouse work schedule (make sure to control for all variables that were cleaned up, except for the spouse’s main 
> activity, spouse's employment status in the last 12 mos)
. logit srh_110b i.map_155b i.age_group i.marstat2 i.worklyr2     i.sex2 i.educ2 i.famincg2b i.uhw_16gr2, or

note: 6.uhw_16gr2 omitted because of collinearity
Iteration 0:   log likelihood = -2031.2878  
Iteration 1:   log likelihood =  -1931.857  
Iteration 2:   log likelihood = -1872.1098  
Iteration 3:   log likelihood = -1871.9749  
Iteration 4:   log likelihood = -1871.9749  

Logistic regression                             Number of obs     =      7,527
                                                LR chi2(21)       =     318.63
                                                Prob > chi2       =     0.0000
Log likelihood = -1871.9749                     Pseudo R2         =     0.0784

--------------------------------------------------------------------------------------------------------------
                                    srh_110b | Odds Ratio   Std. Err.      z    P>|z|     [95% Conf. Interval]
---------------------------------------------+----------------------------------------------------------------
                                    map_155b |
                        Evening/night shift  |   .6764145   .1405636    -1.88   0.060      .450119    1.016479
                   Rotating/irregular shift  |   .8244437   .0904578    -1.76   0.079     .6649168    1.022244
                       Split shift or other  |   .6776005   .1521478    -1.73   0.083     .4363608    1.052208
                                             |
                                   age_group |
                                      30-39  |   1.010038   .1896341     0.05   0.958     .6990775     1.45932
                                      40-49  |   .5792619   .1056576    -2.99   0.003     .4051496    .8281987
                                      50-59  |   .4440112   .0782632    -4.61   0.000     .3143097    .6272347
                                        60+  |   .4844805   .0939783    -3.74   0.000      .331255    .7085821
                                             |
                                    marstat2 |
                  Married/Living Common-law  |   .9212456   .1669626    -0.45   0.651     .6458138    1.314146
                                             |
                                    worklyr2 |
                           Worked last year  |   1.340304   1.474054     0.27   0.790     .1552601    11.57036
                                             |
                                        sex2 |
                                       Male  |   .9207857   .0900531    -0.84   0.399     .7601701    1.115338
                                             |
                                       educ2 |
           High school degree or equivalent  |    1.65825    .254095     3.30   0.001      1.22806    2.239135
               College or trade certificate  |   1.753045    .283246     3.47   0.001     1.277207    2.406162
University degree or equivalent certificate  |   2.189363    .352052     4.87   0.000      1.59751    3.000489
                                             |
                                   famincg2b |
                              $25k-$49,999k  |   1.080253   .2566579     0.32   0.745     .6780913    1.720929
                              $50k-$74,999k  |   1.255716   .2946317     0.97   0.332     .7928153    1.988891
                              $75k-$99,999k  |   1.309309   .3104563     1.14   0.256     .8226397    2.083888
                                    $100k +  |   2.038752   .4669546     3.11   0.002     1.301384    3.193913
                                             |
                                   uhw_16gr2 |
                         Less than 30 hours  |    1.88961   2.084924     0.58   0.564     .2173645    16.42691
                                30-40 hours  |   2.441509   2.679752     0.81   0.416     .2840509    20.98555
                              40.1-50 hours  |   2.899016   3.208194     0.96   0.336     .3313362    25.36485
                                50.1+ hours  |   2.343496   2.598225     0.77   0.442     .2667721    20.58676
                                 Unemployed  |          1  (omitted)
                                             |
                                       _cons |   3.220371   .9247866     4.07   0.000     1.834292     5.65384
--------------------------------------------------------------------------------------------------------------
Note: _cons estimates baseline odds.

. 
. ********* Close the log
. log close
      name:  <unnamed>
       log:  C:\Users\oshio\Documents\CAnD3 RRWM 1\Stata Works\Rep Aimy\Rep_Aimy-RRWM-1-LogFile-Goodnews_Oshiogbele.log
  log type:  text
 closed on:  15 Oct 2025, 10:58:26
-------------------------------------------------------------------------------------------------------------------------------------------
